<?xml version="1.0" encoding="UTF-8"?>
<testsuite xmlns:xsi="http://www.w3.org/2001/XMLSchema-instance" xsi:noNamespaceSchemaLocation="https://maven.apache.org/surefire/maven-surefire-plugin/xsd/surefire-test-report-3.0.xsd" version="3.0" name="suites.Suite1Test" time="4.032" tests="2" errors="0" skipped="0" failures="0">
  <properties>
[...]
</properties>
  <testcase name="suite1Test" classname="suites.Suite1Test" time="2.013"/>
  <testcase name="suite2Test" classname="suites.Suite1Test" time="2.01"/>
</testsuite>